2018年11月30日 21:00:06  信息 : -------------网关启动完毕-------------------
2018年11月30日 21:00:10  信息 : 已装载共享库/Users/caroceanjofers/studio/lns.github.com/cj.studio.gateway.examples.frontend/cmdtools/gateway/lib/share
2018年11月30日 21:01:12  信息 : -------------网关启动完毕-------------------
2018年11月30日 21:01:16  信息 : 已装载共享库/Users/caroceanjofers/studio/lns.github.com/cj.studio.gateway.examples.frontend/cmdtools/gateway/lib/share
2018年11月30日 21:07:38  信息 : -------------网关启动完毕-------------------
2018年11月30日 21:07:40  信息 : 已装载共享库/Users/caroceanjofers/studio/lns.github.com/cj.studio.gateway.examples.frontend/cmdtools/gateway/lib/share
2018年11月30日 21:16:34  信息 : -------------网关启动完毕-------------------
2018年11月30日 21:16:35  信息 : 已装载共享库/Users/caroceanjofers/studio/lns.github.com/cj.studio.gateway.examples.frontend/cmdtools/gateway/lib/share
2018年11月30日 21:19:37  信息 : -------------网关启动完毕-------------------
2018年11月30日 21:19:40  信息 : 已装载共享库/Users/caroceanjofers/studio/lns.github.com/cj.studio.gateway.examples.frontend/cmdtools/gateway/lib/share
2018年12月08日 08:25:12  信息 : -------------网关启动完毕-------------------
2018年12月21日 22:27:30  信息 : -------------网关启动完毕-------------------
2018年12月21日 22:27:33  信息 : 已装载共享库/Users/caroceanjofers/studio/lns.github.com/cj.studio.gateway.examples.frontend/cmdtools/gateway/lib/share
2018年12月21日 22:27:33  错误: cj.studio.gateway.server.handler.HttpChannelHandler -  异常：cj.studio.ecm.EcmException: cj.studio.ecm.EcmException: 方面服务不存在：rest
		at cj.studio.ecm.container.factory.ServiceInstanceFactory.createNewService(ServiceInstanceFactory.java:719)
		at cj.studio.ecm.container.factory.SingleonServiceInstanceFactory.instanceSingleonServices(SingleonServiceInstanceFactory.java:62)
		at cj.studio.ecm.container.factory.SingleonServiceInstanceFactory.refresh(SingleonServiceInstanceFactory.java:46)
		at cj.studio.ecm.context.ModuleSite.registerAndRefreshInstanceFactories(ModuleSite.java:308)
		at cj.studio.ecm.context.ModuleSite.refresh(ModuleSite.java:288)
		at cj.studio.ecm.Assembly.start(Assembly.java:402)
		at cj.studio.gateway.socket.app.AppGatewaySocket.scanAssemblyAndLoad(AppGatewaySocket.java:149)
		at cj.studio.gateway.socket.app.AppGatewaySocket.connect(AppGatewaySocket.java:112)
		at cj.studio.gateway.DestinationLoader.load(DestinationLoader.java:40)
		at cj.studio.gateway.GatewaySocketContainer.getAndCreate(GatewaySocketContainer.java:36)
		at cj.studio.gateway.server.handler.HttpChannelHandler.pipelineHttpBuild(HttpChannelHandler.java:415)
		at cj.studio.gateway.server.handler.HttpChannelHandler.flowHttpRequest(HttpChannelHandler.java:387)
		at cj.studio.gateway.server.handler.HttpChannelHandler.handleHttpRequest(HttpChannelHandler.java:194)
		at cj.studio.gateway.server.handler.HttpChannelHandler.messageReceived(HttpChannelHandler.java:107)
		at io.netty.channel.SimpleChannelInboundHandler.channelRead(SimpleChannelInboundHandler.java:103)
		at io.netty.channel.ChannelHandlerInvokerUtil.invokeChannelReadNow(ChannelHandlerInvokerUtil.java:74)
		at io.netty.channel.DefaultChannelHandlerInvoker.invokeChannelRead(DefaultChannelHandlerInvoker.java:138)
		at io.netty.channel.DefaultChannelHandlerContext.fireChannelRead(DefaultChannelHandlerContext.java:320)
		at io.netty.handler.codec.MessageToMessageDecoder.channelRead(MessageToMessageDecoder.java:103)
		at io.netty.handler.codec.MessageToMessageCodec.channelRead(MessageToMessageCodec.java:111)
		at io.netty.channel.ChannelHandlerInvokerUtil.invokeChannelReadNow(ChannelHandlerInvokerUtil.java:74)
		at io.netty.channel.DefaultChannelHandlerInvoker.invokeChannelRead(DefaultChannelHandlerInvoker.java:138)
		at io.netty.channel.DefaultChannelHandlerContext.fireChannelRead(DefaultChannelHandlerContext.java:320)
		at io.netty.handler.codec.ByteToMessageDecoder.channelRead(ByteToMessageDecoder.java:154)
		at io.netty.channel.ChannelHandlerInvokerUtil.invokeChannelReadNow(ChannelHandlerInvokerUtil.java:74)
		at io.netty.channel.DefaultChannelHandlerInvoker.invokeChannelRead(DefaultChannelHandlerInvoker.java:138)
		at io.netty.channel.DefaultChannelHandlerContext.fireChannelRead(DefaultChannelHandlerContext.java:320)
		at io.netty.channel.DefaultChannelPipeline.fireChannelRead(DefaultChannelPipeline.java:846)
		at io.netty.channel.nio.AbstractNioByteChannel$NioByteUnsafe.read(AbstractNioByteChannel.java:127)
		at io.netty.channel.nio.NioEventLoop.processSelectedKey(NioEventLoop.java:485)
		at io.netty.channel.nio.NioEventLoop.processSelectedKeysOptimized(NioEventLoop.java:452)
		at io.netty.channel.nio.NioEventLoop.run(NioEventLoop.java:346)
		at io.netty.util.concurrent.SingleThreadEventExecutor$5.run(SingleThreadEventExecutor.java:794)
		at java.lang.Thread.run(Thread.java:748)
	Cause by:
		at cj.studio.ecm.bridge.Joinpoint.loadAspects(Joinpoint.java:114)
		at cj.studio.ecm.bridge.Joinpoint.init(Joinpoint.java:64)
		at cj.studio.ecm.container.factory.ServiceInstanceFactory.createNewService(ServiceInstanceFactory.java:712)
		at cj.studio.ecm.container.factory.SingleonServiceInstanceFactory.instanceSingleonServices(SingleonServiceInstanceFactory.java:62)
		at cj.studio.ecm.container.factory.SingleonServiceInstanceFactory.refresh(SingleonServiceInstanceFactory.java:46)
		at cj.studio.ecm.context.ModuleSite.registerAndRefreshInstanceFactories(ModuleSite.java:308)
		at cj.studio.ecm.context.ModuleSite.refresh(ModuleSite.java:288)
		at cj.studio.ecm.Assembly.start(Assembly.java:402)
		at cj.studio.gateway.socket.app.AppGatewaySocket.scanAssemblyAndLoad(AppGatewaySocket.java:149)
		at cj.studio.gateway.socket.app.AppGatewaySocket.connect(AppGatewaySocket.java:112)
		at cj.studio.gateway.DestinationLoader.load(DestinationLoader.java:40)
		at cj.studio.gateway.GatewaySocketContainer.getAndCreate(GatewaySocketContainer.java:36)
		at cj.studio.gateway.server.handler.HttpChannelHandler.pipelineHttpBuild(HttpChannelHandler.java:415)
		at cj.studio.gateway.server.handler.HttpChannelHandler.flowHttpRequest(HttpChannelHandler.java:387)
		at cj.studio.gateway.server.handler.HttpChannelHandler.handleHttpRequest(HttpChannelHandler.java:194)
		at cj.studio.gateway.server.handler.HttpChannelHandler.messageReceived(HttpChannelHandler.java:107)
		at io.netty.channel.SimpleChannelInboundHandler.channelRead(SimpleChannelInboundHandler.java:103)
		at io.netty.channel.ChannelHandlerInvokerUtil.invokeChannelReadNow(ChannelHandlerInvokerUtil.java:74)
		at io.netty.channel.DefaultChannelHandlerInvoker.invokeChannelRead(DefaultChannelHandlerInvoker.java:138)
		at io.netty.channel.DefaultChannelHandlerContext.fireChannelRead(DefaultChannelHandlerContext.java:320)
		at io.netty.handler.codec.MessageToMessageDecoder.channelRead(MessageToMessageDecoder.java:103)
		at io.netty.handler.codec.MessageToMessageCodec.channelRead(MessageToMessageCodec.java:111)
		at io.netty.channel.ChannelHandlerInvokerUtil.invokeChannelReadNow(ChannelHandlerInvokerUtil.java:74)
		at io.netty.channel.DefaultChannelHandlerInvoker.invokeChannelRead(DefaultChannelHandlerInvoker.java:138)
		at io.netty.channel.DefaultChannelHandlerContext.fireChannelRead(DefaultChannelHandlerContext.java:320)
		at io.netty.handler.codec.ByteToMessageDecoder.channelRead(ByteToMessageDecoder.java:154)
		at io.netty.channel.ChannelHandlerInvokerUtil.invokeChannelReadNow(ChannelHandlerInvokerUtil.java:74)
		at io.netty.channel.DefaultChannelHandlerInvoker.invokeChannelRead(DefaultChannelHandlerInvoker.java:138)
		at io.netty.channel.DefaultChannelHandlerContext.fireChannelRead(DefaultChannelHandlerContext.java:320)
		at io.netty.channel.DefaultChannelPipeline.fireChannelRead(DefaultChannelPipeline.java:846)
		at io.netty.channel.nio.AbstractNioByteChannel$NioByteUnsafe.read(AbstractNioByteChannel.java:127)
		at io.netty.channel.nio.NioEventLoop.processSelectedKey(NioEventLoop.java:485)
		at io.netty.channel.nio.NioEventLoop.processSelectedKeysOptimized(NioEventLoop.java:452)
		at io.netty.channel.nio.NioEventLoop.run(NioEventLoop.java:346)
		at io.netty.util.concurrent.SingleThreadEventExecutor$5.run(SingleThreadEventExecutor.java:794)
		at java.lang.Thread.run(Thread.java:748)
2018年12月21日 22:57:51  信息 : -------------网关启动完毕-------------------
2018年12月21日 22:57:54  信息 : 已装载共享库/Users/caroceanjofers/studio/lns.github.com/cj.studio.gateway.examples.frontend/cmdtools/gateway/lib/share
2018年12月21日 23:00:33  信息 : -------------网关启动完毕-------------------
2018年12月21日 23:00:35  信息 : 已装载共享库/Users/caroceanjofers/studio/lns.github.com/cj.studio.gateway.examples.frontend/cmdtools/gateway/lib/share
2018年12月21日 23:01:25  信息 : -------------网关启动完毕-------------------
2018年12月21日 23:01:28  信息 : 已装载共享库/Users/caroceanjofers/studio/lns.github.com/cj.studio.gateway.examples.frontend/cmdtools/gateway/lib/share
2018年12月21日 23:08:49  信息 : -------------网关启动完毕-------------------
2018年12月21日 23:08:52  信息 : 已装载共享库/Users/caroceanjofers/studio/lns.github.com/cj.studio.gateway.examples.frontend/cmdtools/gateway/lib/share
2018年12月21日 23:08:54  错误: cj.studio.gateway.server.handler.HttpChannelHandler -  异常：503 java.lang.reflect.InvocationTargetException
		at cj.studio.gateway.stub.MyInvocationHandler.invoke(MyInvocationHandler.java:155)
		at cj.studio.gateway.stub.MyInvocationHandler.invoke(MyInvocationHandler.java:87)
		at cj.studio.gateway.examples.backend.usercenter.stub.IUserStub$$EnhancerByCGLIB$$341aac95.getUser(<generated>:-1)
		at cj.studio.gateway.examples.frontend.website.view.UserWebView.flow(UserWebView.java:22)
		at sun.reflect.NativeMethodAccessorImpl.invoke0(NativeMethodAccessorImpl.java:-2)
		at sun.reflect.NativeMethodAccessorImpl.invoke(NativeMethodAccessorImpl.java:62)
		at sun.reflect.DelegatingMethodAccessorImpl.invoke(DelegatingMethodAccessorImpl.java:43)
		at java.lang.reflect.Method.invoke(Method.java:498)
		at cj.studio.ecm.bridge.Joinpoint$InvokeAspect.cut(Joinpoint.java:264)
		at cj.studio.ecm.bridge.Joinpoint$Cutpoint.cut(Joinpoint.java:207)
		at cj.studio.gateway.stub.aspect.RestAspect.cut(RestAspect.java:25)
		at cj.studio.ecm.bridge.Joinpoint$Cutpoint.cut(Joinpoint.java:207)
		at cj.studio.ecm.bridge.Joinpoint.cut(Joinpoint.java:50)
		at cj.studio.ecm.bridge.EnhanceInterceptor.intercept(EnhanceInterceptor.java:69)
		at cj.studio.gateway.socket.app.IGatewayAppSiteWayWebView$$EnhancerByCGLIB$$c2e1a145.flow(<generated>:-1)
		at cj.studio.gateway.socket.app.valve.LastWayInputValve.renderJavaDocument(LastWayInputValve.java:159)
		at cj.studio.gateway.socket.app.valve.LastWayInputValve.flow(LastWayInputValve.java:77)
		at cj.studio.gateway.socket.pipeline.InputPipeline.nextFlow(InputPipeline.java:114)
		at cj.studio.gateway.socket.app.valve.CheckSessionInputValve.flow(CheckSessionInputValve.java:58)
		at cj.studio.gateway.socket.pipeline.InputPipeline.nextFlow(InputPipeline.java:114)
		at cj.studio.gateway.socket.app.valve.CheckErrorInputVavle.flow(CheckErrorInputVavle.java:39)
		at cj.studio.gateway.socket.pipeline.InputPipeline.nextFlow(InputPipeline.java:114)
		at cj.studio.gateway.socket.app.valve.CheckUrlInputValve.flow(CheckUrlInputValve.java:44)
		at cj.studio.gateway.socket.pipeline.InputPipeline.nextFlow(InputPipeline.java:114)
		at cj.studio.gateway.socket.app.valve.FirstWayInputValve.flow(FirstWayInputValve.java:23)
		at cj.studio.gateway.socket.pipeline.InputPipeline.nextFlow(InputPipeline.java:108)
		at cj.studio.gateway.socket.pipeline.InputPipeline.headFlow(InputPipeline.java:76)
		at cj.studio.gateway.server.handler.HttpChannelHandler.flowHttpPipeline(HttpChannelHandler.java:398)
		at cj.studio.gateway.server.handler.HttpChannelHandler.pipelineHttpBuild(HttpChannelHandler.java:443)
		at cj.studio.gateway.server.handler.HttpChannelHandler.flowHttpRequest(HttpChannelHandler.java:387)
		at cj.studio.gateway.server.handler.HttpChannelHandler.handleHttpRequest(HttpChannelHandler.java:194)
		at cj.studio.gateway.server.handler.HttpChannelHandler.messageReceived(HttpChannelHandler.java:107)
		at io.netty.channel.SimpleChannelInboundHandler.channelRead(SimpleChannelInboundHandler.java:103)
		at io.netty.channel.ChannelHandlerInvokerUtil.invokeChannelReadNow(ChannelHandlerInvokerUtil.java:74)
		at io.netty.channel.DefaultChannelHandlerInvoker.invokeChannelRead(DefaultChannelHandlerInvoker.java:138)
		at io.netty.channel.DefaultChannelHandlerContext.fireChannelRead(DefaultChannelHandlerContext.java:320)
		at io.netty.handler.codec.MessageToMessageDecoder.channelRead(MessageToMessageDecoder.java:103)
		at io.netty.handler.codec.MessageToMessageCodec.channelRead(MessageToMessageCodec.java:111)
		at io.netty.channel.ChannelHandlerInvokerUtil.invokeChannelReadNow(ChannelHandlerInvokerUtil.java:74)
		at io.netty.channel.DefaultChannelHandlerInvoker.invokeChannelRead(DefaultChannelHandlerInvoker.java:138)
		at io.netty.channel.DefaultChannelHandlerContext.fireChannelRead(DefaultChannelHandlerContext.java:320)
		at io.netty.handler.codec.ByteToMessageDecoder.channelRead(ByteToMessageDecoder.java:154)
		at io.netty.channel.ChannelHandlerInvokerUtil.invokeChannelReadNow(ChannelHandlerInvokerUtil.java:74)
		at io.netty.channel.DefaultChannelHandlerInvoker.invokeChannelRead(DefaultChannelHandlerInvoker.java:138)
		at io.netty.channel.DefaultChannelHandlerContext.fireChannelRead(DefaultChannelHandlerContext.java:320)
		at io.netty.channel.DefaultChannelPipeline.fireChannelRead(DefaultChannelPipeline.java:846)
		at io.netty.channel.nio.AbstractNioByteChannel$NioByteUnsafe.read(AbstractNioByteChannel.java:127)
		at io.netty.channel.nio.NioEventLoop.processSelectedKey(NioEventLoop.java:485)
		at io.netty.channel.nio.NioEventLoop.processSelectedKeysOptimized(NioEventLoop.java:452)
		at io.netty.channel.nio.NioEventLoop.run(NioEventLoop.java:346)
		at io.netty.util.concurrent.SingleThreadEventExecutor$5.run(SingleThreadEventExecutor.java:794)
		at java.lang.Thread.run(Thread.java:748)
2018年12月21日 23:10:48  信息 : -------------网关启动完毕-------------------
2018年12月21日 23:10:49  信息 : 已装载共享库/Users/caroceanjofers/studio/lns.github.com/cj.studio.gateway.examples.frontend/cmdtools/gateway/lib/share
2018年12月21日 23:15:37  信息 : -------------网关启动完毕-------------------
2018年12月21日 23:15:39  信息 : 已装载共享库/Users/caroceanjofers/studio/lns.github.com/cj.studio.gateway.examples.frontend/cmdtools/gateway/lib/share
2018年12月22日 10:04:29  信息 : -------------网关启动完毕-------------------
2018年12月22日 10:04:34  信息 : 已装载共享库/Users/caroceanjofers/studio/lns.github.com/cj.studio.gateway.examples.frontend/cmdtools/gateway/lib/share
2018年12月22日 10:28:25  信息 : -------------网关启动完毕-------------------
2018年12月22日 10:28:32  信息 : 已装载共享库/Users/caroceanjofers/studio/lns.github.com/cj.studio.gateway.examples.frontend/cmdtools/gateway/lib/share
2018年12月30日 20:39:43  信息 : -------------网关启动完毕-------------------
2018年12月30日 20:39:48  信息 : 已装载共享库/Users/caroceanjofers/studio/cj.studio.gateway.examples.frontend/cmdtools/gateway/lib/share
2018年12月30日 22:12:27  信息 : -------------网关启动完毕-------------------
2018年12月30日 22:14:25  信息 : 已装载共享库/Users/caroceanjofers/studio/cj.studio.gateway.examples.frontend/cmdtools/gateway/lib/share
